This file contains any messages produced by compilers while
running configure, to aid debugging if configure makes a mistake.

It was created by configure, which was
generated by GNU Autoconf 2.59.  Invocation command line was

  $ ./configure 

## --------- ##
## Platform. ##
## --------- ##

hostname = I121V7pc05
uname -m = x86_64
uname -r = 3.13.0-57-generic
uname -s = Linux
uname -v = #95-Ubuntu SMP Fri Jun 19 09:28:15 UTC 2015

/usr/bin/uname -p = unknown
/bin/uname -X     = unknown

/bin/arch              = unknown
/usr/bin/arch -k       = unknown
/usr/convex/getsysinfo = unknown
hostinfo               = unknown
/bin/machine           = unknown
/usr/bin/oslevel       = unknown
/bin/universe          = unknown

PATH: /usr/local/sbin
PATH: /usr/local/bin
PATH: /usr/sbin
PATH: /usr/bin
PATH: /sbin
PATH: /bin
PATH: /usr/games
PATH: /usr/local/games
PATH: /usr/local/opt/matlab/R2014a/bin
PATH: /usr/local/opt/Oxygen/16.1
PATH: /usr/local/opt/Client_oracle
PATH: /usr/local/opt/Mars
PATH: /usr/local/opt/logisim
PATH: /usr/local/opt/sqldeveloper
PATH: /usr/local/opt/ArgoUML
PATH: /usr/local/opt/Chipmunk/bin
PATH: /usr/local/opt/Maple/9/bin
PATH: /usr/lib/gmt/bin
PATH: /usr/local/opt/xenomai/bin
PATH: /usr/local/opt/maven/bin
PATH: /usr/local/opt/atelierB4/AB/bbin
PATH: /usr/local/opt/ProB
PATH: /usr/local/opt/rodin
PATH: /usr/local/opt/cadp/bin.iX86
PATH: /usr/local/opt/cadp/com
PATH: /usr/local/opt/fmj
PATH: /usr/local/opt/sagemath
PATH: /usr/local/opt/open-cobol/bin
PATH: /usr/local/opt/TOS-DI
PATH: /usr/local/opt/protege
PATH: /usr/local/opt/SmartEiffel/bin
PATH: /usr/local/opt/Modelio
PATH: /usr/local/opt/pellet
PATH: /usr/local/opt/cwm
PATH: /usr/local/opt/sam_bwa
PATH: /usr/local/opt/quartus/13.0.0.156/quartus/bin
PATH: /usr/local/opt/silvaco/bin
PATH: /opt/moses/bin
PATH: /usr/local/opt/srilm/bin
PATH: /usr/local/opt/minizinc/bin
PATH: /usr/local/opt/bluegriffon
PATH: /usr/local/opt/quartus/13.0.0.156/modelsim_ase/bin/vsim
PATH: /usr/local/opt/sam_vcf_htslib


## ----------- ##
## Core tests. ##
## ----------- ##

configure:2097: checking build system type
configure:2115: result: x86_64-unknown-linux-gnu
configure:2123: checking host system type
configure:2137: result: x86_64-unknown-linux-gnu
configure:2146: checking MACHDEP
configure:2173: result: linux3
configure:2222: checking for gcc
configure:2238: found /usr/bin/gcc
configure:2248: result: gcc
configure:2492: checking for C compiler version
configure:2495: gcc --version </dev/null >&5
gcc (Ubuntu 4.8.4-2ubuntu1~14.04) 4.8.4
Copyright (C) 2013 Free Software Foundation, Inc.
This is free software; see the source for copying conditions.  There is NO
warranty; not even for MERCHANTABILITY or FITNESS FOR A PARTICULAR PURPOSE.

configure:2498: $? = 0
configure:2500: gcc -v </dev/null >&5
Using built-in specs.
COLLECT_GCC=gcc
COLLECT_LTO_WRAPPER=/usr/lib/gcc/x86_64-linux-gnu/4.8/lto-wrapper
Target: x86_64-linux-gnu
Configured with: ../src/configure -v --with-pkgversion='Ubuntu 4.8.4-2ubuntu1~14.04' --with-bugurl=file:///usr/share/doc/gcc-4.8/README.Bugs --enable-languages=c,c++,java,go,d,fortran,objc,obj-c++ --prefix=/usr --program-suffix=-4.8 --enable-shared --enable-linker-build-id --libexecdir=/usr/lib --without-included-gettext --enable-threads=posix --with-gxx-include-dir=/usr/include/c++/4.8 --libdir=/usr/lib --enable-nls --with-sysroot=/ --enable-clocale=gnu --enable-libstdcxx-debug --enable-libstdcxx-time=yes --enable-gnu-unique-object --disable-libmudflap --enable-plugin --with-system-zlib --disable-browser-plugin --enable-java-awt=gtk --enable-gtk-cairo --with-java-home=/usr/lib/jvm/java-1.5.0-gcj-4.8-amd64/jre --enable-java-home --with-jvm-root-dir=/usr/lib/jvm/java-1.5.0-gcj-4.8-amd64 --with-jvm-jar-dir=/usr/lib/jvm-exports/java-1.5.0-gcj-4.8-amd64 --with-arch-directory=amd64 --with-ecj-jar=/usr/share/java/eclipse-ecj.jar --enable-objc-gc --enable-multiarch --disable-werror --with-arch-32=i686 --with-abi=m64 --with-multilib-list=m32,m64,mx32 --with-tune=generic --enable-checking=release --build=x86_64-linux-gnu --host=x86_64-linux-gnu --target=x86_64-linux-gnu
Thread model: posix
gcc version 4.8.4 (Ubuntu 4.8.4-2ubuntu1~14.04) 
configure:2503: $? = 0
configure:2505: gcc -V </dev/null >&5
gcc: error: unrecognized command line option '-V'
gcc: fatal error: no input files
compilation terminated.
configure:2508: $? = 4
configure:2531: checking for C compiler default output file name
configure:2534: gcc    conftest.c  >&5
configure:2537: $? = 0
configure:2583: result: a.out
configure:2588: checking whether the C compiler works
configure:2594: ./a.out
configure:2597: $? = 0
configure:2614: result: yes
configure:2621: checking whether we are cross compiling
configure:2623: result: no
configure:2626: checking for suffix of executables
configure:2628: gcc -o conftest    conftest.c  >&5
configure:2631: $? = 0
configure:2656: result: 
configure:2662: checking for suffix of object files
configure:2683: gcc -c   conftest.c >&5
configure:2686: $? = 0
configure:2708: result: o
configure:2712: checking whether we are using the GNU C compiler
configure:2736: gcc -c   conftest.c >&5
configure:2742: $? = 0
configure:2746: test -z 
			 || test ! -s conftest.err
configure:2749: $? = 0
configure:2752: test -s conftest.o
configure:2755: $? = 0
configure:2768: result: yes
configure:2774: checking whether gcc accepts -g
configure:2795: gcc -c -g  conftest.c >&5
configure:2801: $? = 0
configure:2805: test -z 
			 || test ! -s conftest.err
configure:2808: $? = 0
configure:2811: test -s conftest.o
configure:2814: $? = 0
configure:2825: result: yes
configure:2842: checking for gcc option to accept ANSI C
configure:2912: gcc  -c -g -O2  conftest.c >&5
configure:2918: $? = 0
configure:2922: test -z 
			 || test ! -s conftest.err
configure:2925: $? = 0
configure:2928: test -s conftest.o
configure:2931: $? = 0
configure:2949: result: none needed
configure:2967: gcc -c -g -O2  conftest.c >&5
conftest.c:2:3: error: unknown type name 'choke'
   choke me
   ^
conftest.c:2:3: error: expected '=', ',', ';', 'asm' or '__attribute__' at end of input
configure:2973: $? = 1
configure: failed program was:
| #ifndef __cplusplus
|   choke me
| #endif
configure:3111: checking how to run the C preprocessor
configure:3146: gcc -E  conftest.c
configure:3152: $? = 0
configure:3184: gcc -E  conftest.c
conftest.c:9:28: fatal error: ac_nonexistent.h: No such file or directory
 #include <ac_nonexistent.h>
                            ^
compilation terminated.
configure:3190: $? = 1
configure: failed program was:
| /* confdefs.h.  */
| 
| #define PACKAGE_NAME ""
| #define PACKAGE_TARNAME ""
| #define PACKAGE_VERSION ""
| #define PACKAGE_STRING ""
| #define PACKAGE_BUGREPORT ""
| /* end confdefs.h.  */
| #include <ac_nonexistent.h>
configure:3229: result: gcc -E
configure:3253: gcc -E  conftest.c
configure:3259: $? = 0
configure:3291: gcc -E  conftest.c
conftest.c:9:28: fatal error: ac_nonexistent.h: No such file or directory
 #include <ac_nonexistent.h>
                            ^
compilation terminated.
configure:3297: $? = 1
configure: failed program was:
| /* confdefs.h.  */
| 
| #define PACKAGE_NAME ""
| #define PACKAGE_TARNAME ""
| #define PACKAGE_VERSION ""
| #define PACKAGE_STRING ""
| #define PACKAGE_BUGREPORT ""
| /* end confdefs.h.  */
| #include <ac_nonexistent.h>
configure:3349: checking for a BSD-compatible install
configure:3404: result: /usr/bin/install -c
configure:4002: checking for a sed that does not truncate output
configure:4058: result: /bin/sed
configure:4061: checking for egrep
configure:4071: result: grep -E
configure:4087: checking for ld used by gcc
configure:4154: result: /usr/bin/ld
configure:4163: checking if the linker (/usr/bin/ld) is GNU ld
configure:4178: result: yes
configure:4183: checking for /usr/bin/ld option to reload object files
configure:4190: result: -r
configure:4208: checking for BSD-compatible nm
configure:4257: result: /usr/bin/nm -B
configure:4261: checking whether ln -s works
configure:4265: result: yes
configure:4272: checking how to recognize dependent libraries
configure:4458: result: pass_all
configure:4546: gcc -c -g -D__NO_CTYPE -DPDC_PF_LINUX_X86_64  conftest.c >&5
configure:4549: $? = 0
configure:4939: checking for ANSI C header files
configure:4964: gcc -c -g -D__NO_CTYPE -DPDC_PF_LINUX_X86_64  conftest.c >&5
configure:4970: $? = 0
configure:4974: test -z 
			 || test ! -s conftest.err
configure:4977: $? = 0
configure:4980: test -s conftest.o
configure:4983: $? = 0
configure:5072: gcc -o conftest -g -D__NO_CTYPE -DPDC_PF_LINUX_X86_64   conftest.c  >&5
conftest.c: In function 'main':
conftest.c:26:7: warning: incompatible implicit declaration of built-in function 'exit' [enabled by default]
       exit(2);
       ^
configure:5075: $? = 0
configure:5077: ./conftest
configure:5080: $? = 0
configure:5095: result: yes
configure:5119: checking for sys/types.h
configure:5135: gcc -c -g -D__NO_CTYPE -DPDC_PF_LINUX_X86_64  conftest.c >&5
configure:5141: $? = 0
configure:5145: test -z 
			 || test ! -s conftest.err
configure:5148: $? = 0
configure:5151: test -s conftest.o
configure:5154: $? = 0
configure:5165: result: yes
configure:5119: checking for sys/stat.h
configure:5135: gcc -c -g -D__NO_CTYPE -DPDC_PF_LINUX_X86_64  conftest.c >&5
configure:5141: $? = 0
configure:5145: test -z 
			 || test ! -s conftest.err
configure:5148: $? = 0
configure:5151: test -s conftest.o
configure:5154: $? = 0
configure:5165: result: yes
configure:5119: checking for stdlib.h
configure:5135: gcc -c -g -D__NO_CTYPE -DPDC_PF_LINUX_X86_64  conftest.c >&5
configure:5141: $? = 0
configure:5145: test -z 
			 || test ! -s conftest.err
configure:5148: $? = 0
configure:5151: test -s conftest.o
configure:5154: $? = 0
configure:5165: result: yes
configure:5119: checking for string.h
configure:5135: gcc -c -g -D__NO_CTYPE -DPDC_PF_LINUX_X86_64  conftest.c >&5
configure:5141: $? = 0
configure:5145: test -z 
			 || test ! -s conftest.err
configure:5148: $? = 0
configure:5151: test -s conftest.o
configure:5154: $? = 0
configure:5165: result: yes
configure:5119: checking for memory.h
configure:5135: gcc -c -g -D__NO_CTYPE -DPDC_PF_LINUX_X86_64  conftest.c >&5
configure:5141: $? = 0
configure:5145: test -z 
			 || test ! -s conftest.err
configure:5148: $? = 0
configure:5151: test -s conftest.o
configure:5154: $? = 0
configure:5165: result: yes
configure:5119: checking for strings.h
configure:5135: gcc -c -g -D__NO_CTYPE -DPDC_PF_LINUX_X86_64  conftest.c >&5
configure:5141: $? = 0
configure:5145: test -z 
			 || test ! -s conftest.err
configure:5148: $? = 0
configure:5151: test -s conftest.o
configure:5154: $? = 0
configure:5165: result: yes
configure:5119: checking for inttypes.h
configure:5135: gcc -c -g -D__NO_CTYPE -DPDC_PF_LINUX_X86_64  conftest.c >&5
configure:5141: $? = 0
configure:5145: test -z 
			 || test ! -s conftest.err
configure:5148: $? = 0
configure:5151: test -s conftest.o
configure:5154: $? = 0
configure:5165: result: yes
configure:5119: checking for stdint.h
configure:5135: gcc -c -g -D__NO_CTYPE -DPDC_PF_LINUX_X86_64  conftest.c >&5
configure:5141: $? = 0
configure:5145: test -z 
			 || test ! -s conftest.err
configure:5148: $? = 0
configure:5151: test -s conftest.o
configure:5154: $? = 0
configure:5165: result: yes
configure:5119: checking for unistd.h
configure:5135: gcc -c -g -D__NO_CTYPE -DPDC_PF_LINUX_X86_64  conftest.c >&5
configure:5141: $? = 0
configure:5145: test -z 
			 || test ! -s conftest.err
configure:5148: $? = 0
configure:5151: test -s conftest.o
configure:5154: $? = 0
configure:5165: result: yes
configure:5191: checking dlfcn.h usability
configure:5203: gcc -c -g -D__NO_CTYPE -DPDC_PF_LINUX_X86_64  conftest.c >&5
configure:5209: $? = 0
configure:5213: test -z 
			 || test ! -s conftest.err
configure:5216: $? = 0
configure:5219: test -s conftest.o
configure:5222: $? = 0
configure:5232: result: yes
configure:5236: checking dlfcn.h presence
configure:5246: gcc -E  conftest.c
configure:5252: $? = 0
configure:5272: result: yes
configure:5307: checking for dlfcn.h
configure:5314: result: yes
configure:5379: checking for g++
configure:5395: found /usr/bin/g++
configure:5405: result: g++
configure:5421: checking for C++ compiler version
configure:5424: g++ --version </dev/null >&5
g++ (Ubuntu 4.8.4-2ubuntu1~14.04) 4.8.4
Copyright (C) 2013 Free Software Foundation, Inc.
This is free software; see the source for copying conditions.  There is NO
warranty; not even for MERCHANTABILITY or FITNESS FOR A PARTICULAR PURPOSE.

configure:5427: $? = 0
configure:5429: g++ -v </dev/null >&5
Using built-in specs.
COLLECT_GCC=g++
COLLECT_LTO_WRAPPER=/usr/lib/gcc/x86_64-linux-gnu/4.8/lto-wrapper
Target: x86_64-linux-gnu
Configured with: ../src/configure -v --with-pkgversion='Ubuntu 4.8.4-2ubuntu1~14.04' --with-bugurl=file:///usr/share/doc/gcc-4.8/README.Bugs --enable-languages=c,c++,java,go,d,fortran,objc,obj-c++ --prefix=/usr --program-suffix=-4.8 --enable-shared --enable-linker-build-id --libexecdir=/usr/lib --without-included-gettext --enable-threads=posix --with-gxx-include-dir=/usr/include/c++/4.8 --libdir=/usr/lib --enable-nls --with-sysroot=/ --enable-clocale=gnu --enable-libstdcxx-debug --enable-libstdcxx-time=yes --enable-gnu-unique-object --disable-libmudflap --enable-plugin --with-system-zlib --disable-browser-plugin --enable-java-awt=gtk --enable-gtk-cairo --with-java-home=/usr/lib/jvm/java-1.5.0-gcj-4.8-amd64/jre --enable-java-home --with-jvm-root-dir=/usr/lib/jvm/java-1.5.0-gcj-4.8-amd64 --with-jvm-jar-dir=/usr/lib/jvm-exports/java-1.5.0-gcj-4.8-amd64 --with-arch-directory=amd64 --with-ecj-jar=/usr/share/java/eclipse-ecj.jar --enable-objc-gc --enable-multiarch --disable-werror --with-arch-32=i686 --with-abi=m64 --with-multilib-list=m32,m64,mx32 --with-tune=generic --enable-checking=release --build=x86_64-linux-gnu --host=x86_64-linux-gnu --target=x86_64-linux-gnu
Thread model: posix
gcc version 4.8.4 (Ubuntu 4.8.4-2ubuntu1~14.04) 
configure:5432: $? = 0
configure:5434: g++ -V </dev/null >&5
g++: error: unrecognized command line option '-V'
g++: fatal error: no input files
compilation terminated.
configure:5437: $? = 4
configure:5440: checking whether we are using the GNU C++ compiler
configure:5464: g++ -c   conftest.cc >&5
configure:5470: $? = 0
configure:5474: test -z 
			 || test ! -s conftest.err
configure:5477: $? = 0
configure:5480: test -s conftest.o
configure:5483: $? = 0
configure:5496: result: yes
configure:5502: checking whether g++ accepts -g
configure:5523: g++ -c -g  conftest.cc >&5
configure:5529: $? = 0
configure:5533: test -z 
			 || test ! -s conftest.err
configure:5536: $? = 0
configure:5539: test -s conftest.o
configure:5542: $? = 0
configure:5553: result: yes
configure:5595: g++ -c -g -O2  conftest.cc >&5
configure:5601: $? = 0
configure:5605: test -z 
			 || test ! -s conftest.err
configure:5608: $? = 0
configure:5611: test -s conftest.o
configure:5614: $? = 0
configure:5640: g++ -c -g -O2  conftest.cc >&5
conftest.cc: In function 'int main()':
conftest.cc:24:9: error: 'exit' was not declared in this scope
 exit (42);
         ^
configure:5646: $? = 1
configure: failed program was:
| /* confdefs.h.  */
| 
| #define PACKAGE_NAME ""
| #define PACKAGE_TARNAME ""
| #define PACKAGE_VERSION ""
| #define PACKAGE_STRING ""
| #define PACKAGE_BUGREPORT ""
| #define STDC_HEADERS 1
| #define HAVE_SYS_TYPES_H 1
| #define HAVE_SYS_STAT_H 1
| #define HAVE_STDLIB_H 1
| #define HAVE_STRING_H 1
| #define HAVE_MEMORY_H 1
| #define HAVE_STRINGS_H 1
| #define HAVE_INTTYPES_H 1
| #define HAVE_STDINT_H 1
| #define HAVE_UNISTD_H 1
| #define HAVE_DLFCN_H 1
| /* end confdefs.h.  */
| 
| int
| main ()
| {
| exit (42);
|   ;
|   return 0;
| }
configure:5595: g++ -c -g -O2  conftest.cc >&5
conftest.cc:20:40: error: 'void std::exit(int)' should have been declared inside 'std'
 extern "C" void std::exit (int) throw (); using std::exit;
                                        ^
configure:5601: $? = 1
configure: failed program was:
| /* confdefs.h.  */
| 
| #define PACKAGE_NAME ""
| #define PACKAGE_TARNAME ""
| #define PACKAGE_VERSION ""
| #define PACKAGE_STRING ""
| #define PACKAGE_BUGREPORT ""
| #define STDC_HEADERS 1
| #define HAVE_SYS_TYPES_H 1
| #define HAVE_SYS_STAT_H 1
| #define HAVE_STDLIB_H 1
| #define HAVE_STRING_H 1
| #define HAVE_MEMORY_H 1
| #define HAVE_STRINGS_H 1
| #define HAVE_INTTYPES_H 1
| #define HAVE_STDINT_H 1
| #define HAVE_UNISTD_H 1
| #define HAVE_DLFCN_H 1
| /* end confdefs.h.  */
| extern "C" void std::exit (int) throw (); using std::exit;
| #include <stdlib.h>
| int
| main ()
| {
| exit (42);
|   ;
|   return 0;
| }
configure:5595: g++ -c -g -O2  conftest.cc >&5
conftest.cc:20:31: error: 'void std::exit(int)' should have been declared inside 'std'
 extern "C" void std::exit (int); using std::exit;
                               ^
In file included from conftest.cc:21:0:
/usr/include/stdlib.h:543:70: error: declaration of 'void std::exit(int) throw ()' has a different exception specifier
 extern void exit (int __status) __THROW __attribute__ ((__noreturn__));
                                                                      ^
conftest.cc:20:17: error: from previous declaration 'void std::exit(int)'
 extern "C" void std::exit (int); using std::exit;
                 ^
configure:5601: $? = 1
configure: failed program was:
| /* confdefs.h.  */
| 
| #define PACKAGE_NAME ""
| #define PACKAGE_TARNAME ""
| #define PACKAGE_VERSION ""
| #define PACKAGE_STRING ""
| #define PACKAGE_BUGREPORT ""
| #define STDC_HEADERS 1
| #define HAVE_SYS_TYPES_H 1
| #define HAVE_SYS_STAT_H 1
| #define HAVE_STDLIB_H 1
| #define HAVE_STRING_H 1
| #define HAVE_MEMORY_H 1
| #define HAVE_STRINGS_H 1
| #define HAVE_INTTYPES_H 1
| #define HAVE_STDINT_H 1
| #define HAVE_UNISTD_H 1
| #define HAVE_DLFCN_H 1
| /* end confdefs.h.  */
| extern "C" void std::exit (int); using std::exit;
| #include <stdlib.h>
| int
| main ()
| {
| exit (42);
|   ;
|   return 0;
| }
configure:5595: g++ -c -g -O2  conftest.cc >&5
configure:5601: $? = 0
configure:5605: test -z 
			 || test ! -s conftest.err
configure:5608: $? = 0
configure:5611: test -s conftest.o
configure:5614: $? = 0
configure:5640: g++ -c -g -O2  conftest.cc >&5
configure:5646: $? = 0
configure:5650: test -z 
			 || test ! -s conftest.err
configure:5653: $? = 0
configure:5656: test -s conftest.o
configure:5659: $? = 0
configure:5692: checking how to run the C++ preprocessor
configure:5723: g++ -E  conftest.cc
configure:5729: $? = 0
configure:5761: g++ -E  conftest.cc
conftest.cc:23:28: fatal error: ac_nonexistent.h: No such file or directory
 #include <ac_nonexistent.h>
                            ^
compilation terminated.
configure:5767: $? = 1
configure: failed program was:
| /* confdefs.h.  */
| 
| #define PACKAGE_NAME ""
| #define PACKAGE_TARNAME ""
| #define PACKAGE_VERSION ""
| #define PACKAGE_STRING ""
| #define PACKAGE_BUGREPORT ""
| #define STDC_HEADERS 1
| #define HAVE_SYS_TYPES_H 1
| #define HAVE_SYS_STAT_H 1
| #define HAVE_STDLIB_H 1
| #define HAVE_STRING_H 1
| #define HAVE_MEMORY_H 1
| #define HAVE_STRINGS_H 1
| #define HAVE_INTTYPES_H 1
| #define HAVE_STDINT_H 1
| #define HAVE_UNISTD_H 1
| #define HAVE_DLFCN_H 1
| #ifdef __cplusplus
| extern "C" void exit (int) throw ();
| #endif
| /* end confdefs.h.  */
| #include <ac_nonexistent.h>
configure:5806: result: g++ -E
configure:5830: g++ -E  conftest.cc
configure:5836: $? = 0
configure:5868: g++ -E  conftest.cc
conftest.cc:23:28: fatal error: ac_nonexistent.h: No such file or directory
 #include <ac_nonexistent.h>
                            ^
compilation terminated.
configure:5874: $? = 1
configure: failed program was:
| /* confdefs.h.  */
| 
| #define PACKAGE_NAME ""
| #define PACKAGE_TARNAME ""
| #define PACKAGE_VERSION ""
| #define PACKAGE_STRING ""
| #define PACKAGE_BUGREPORT ""
| #define STDC_HEADERS 1
| #define HAVE_SYS_TYPES_H 1
| #define HAVE_SYS_STAT_H 1
| #define HAVE_STDLIB_H 1
| #define HAVE_STRING_H 1
| #define HAVE_MEMORY_H 1
| #define HAVE_STRINGS_H 1
| #define HAVE_INTTYPES_H 1
| #define HAVE_STDINT_H 1
| #define HAVE_UNISTD_H 1
| #define HAVE_DLFCN_H 1
| #ifdef __cplusplus
| extern "C" void exit (int) throw ();
| #endif
| /* end confdefs.h.  */
| #include <ac_nonexistent.h>
configure:5967: checking for g77
configure:5996: result: no
configure:5967: checking for f77
configure:5996: result: no
configure:5967: checking for xlf
configure:5996: result: no
configure:5967: checking for frt
configure:5996: result: no
configure:5967: checking for pgf77
configure:5996: result: no
configure:5967: checking for fort77
configure:5996: result: no
configure:5967: checking for fl32
configure:5996: result: no
configure:5967: checking for af77
configure:5996: result: no
configure:5967: checking for f90
configure:5996: result: no
configure:5967: checking for xlf90
configure:5996: result: no
configure:5967: checking for pgf90
configure:5996: result: no
configure:5967: checking for epcf90
configure:5996: result: no
configure:5967: checking for f95
configure:5983: found /usr/bin/f95
configure:5993: result: f95
configure:6016: checking for Fortran 77 compiler version
configure:6011: f95 --version </dev/null >&5
GNU Fortran (Ubuntu 4.8.4-2ubuntu1~14.04) 4.8.4
Copyright (C) 2013 Free Software Foundation, Inc.

GNU Fortran comes with NO WARRANTY, to the extent permitted by law.
You may redistribute copies of GNU Fortran
under the terms of the GNU General Public License.
For more information about these matters, see the file named COPYING

configure:6014: $? = 0
configure:6016: f95 -v </dev/null >&5
Using built-in specs.
COLLECT_GCC=f95
COLLECT_LTO_WRAPPER=/usr/lib/gcc/x86_64-linux-gnu/4.8/lto-wrapper
Target: x86_64-linux-gnu
Configured with: ../src/configure -v --with-pkgversion='Ubuntu 4.8.4-2ubuntu1~14.04' --with-bugurl=file:///usr/share/doc/gcc-4.8/README.Bugs --enable-languages=c,c++,java,go,d,fortran,objc,obj-c++ --prefix=/usr --program-suffix=-4.8 --enable-shared --enable-linker-build-id --libexecdir=/usr/lib --without-included-gettext --enable-threads=posix --with-gxx-include-dir=/usr/include/c++/4.8 --libdir=/usr/lib --enable-nls --with-sysroot=/ --enable-clocale=gnu --enable-libstdcxx-debug --enable-libstdcxx-time=yes --enable-gnu-unique-object --disable-libmudflap --enable-plugin --with-system-zlib --disable-browser-plugin --enable-java-awt=gtk --enable-gtk-cairo --with-java-home=/usr/lib/jvm/java-1.5.0-gcj-4.8-amd64/jre --enable-java-home --with-jvm-root-dir=/usr/lib/jvm/java-1.5.0-gcj-4.8-amd64 --with-jvm-jar-dir=/usr/lib/jvm-exports/java-1.5.0-gcj-4.8-amd64 --with-arch-directory=amd64 --with-ecj-jar=/usr/share/java/eclipse-ecj.jar --enable-objc-gc --enable-multiarch --disable-werror --with-arch-32=i686 --with-abi=m64 --with-multilib-list=m32,m64,mx32 --with-tune=generic --enable-checking=release --build=x86_64-linux-gnu --host=x86_64-linux-gnu --target=x86_64-linux-gnu
Thread model: posix
gcc version 4.8.4 (Ubuntu 4.8.4-2ubuntu1~14.04) 
configure:6019: $? = 0
configure:6021: f95 -V </dev/null >&5
f95: error: unrecognized command line option '-V'
f95: fatal error: no input files
compilation terminated.
configure:6024: $? = 4
configure:6032: checking whether we are using the GNU Fortran 77 compiler
configure:6046: f95 -c  conftest.F >&5
configure:6052: $? = 0
configure:6056: test -z 
			 || test ! -s conftest.err
configure:6059: $? = 0
configure:6062: test -s conftest.o
configure:6065: $? = 0
configure:6078: result: yes
configure:6084: checking whether f95 accepts -g
configure:6096: f95 -c -g conftest.f >&5
configure:6102: $? = 0
configure:6106: test -z 
			 || test ! -s conftest.err
configure:6109: $? = 0
configure:6112: test -s conftest.o
configure:6115: $? = 0
configure:6127: result: yes
configure:6157: checking the maximum length of command line arguments
configure:6269: result: 1572864
configure:6281: checking command to parse /usr/bin/nm -B output from gcc object
configure:6386: gcc -c -g -D__NO_CTYPE -DPDC_PF_LINUX_X86_64  conftest.c >&5
configure:6389: $? = 0
configure:6393: /usr/bin/nm -B conftest.o \| sed -n -e 's/^.*[ 	]\([ABCDGIRSTW][ABCDGIRSTW]*\)[ 	][ 	]*\([_A-Za-z][_A-Za-z0-9]*\)$/\1 \2 \2/p' \> conftest.nm
configure:6396: $? = 0
configure:6448: gcc -o conftest -g -D__NO_CTYPE -DPDC_PF_LINUX_X86_64   conftest.c conftstm.o >&5
configure:6451: $? = 0
configure:6489: result: ok
configure:6493: checking for objdir
configure:6508: result: .libs
configure:6598: checking for ar
configure:6614: found /usr/bin/ar
configure:6625: result: ar
configure:6678: checking for ranlib
configure:6694: found /usr/bin/ranlib
configure:6705: result: ranlib
configure:6758: checking for strip
configure:6774: found /usr/bin/strip
configure:6785: result: strip
configure:7061: checking if gcc supports -fno-rtti -fno-exceptions
configure:7087: gcc -c -g -D__NO_CTYPE -DPDC_PF_LINUX_X86_64  -fno-rtti -fno-exceptions conftest.c >&5
cc1: warning: command line option '-fno-rtti' is valid for C++/ObjC++ but not for C [enabled by default]
configure:7091: $? = 0
configure:7096: result: no
configure:7111: checking for gcc option to produce PIC
configure:7343: result: -fPIC
configure:7351: checking if gcc PIC flag -fPIC works
configure:7377: gcc -c -g -D__NO_CTYPE -DPDC_PF_LINUX_X86_64  -fPIC -DPIC conftest.c >&5
configure:7381: $? = 0
configure:7386: result: yes
configure:7414: checking if gcc static flag -static works
configure:7442: result: yes
configure:7452: checking if gcc supports -c -o file.o
configure:7481: gcc -c -g -D__NO_CTYPE -DPDC_PF_LINUX_X86_64  -o out/conftest2.o conftest.c >&5
configure:7485: $? = 0
configure:7499: result: yes
configure:7525: checking whether the gcc linker (/usr/bin/ld -m elf_x86_64) supports shared libraries
configure:8509: result: yes
configure:8530: checking whether -lc should be explicitly linked in
configure:8535: gcc -c -g -D__NO_CTYPE -DPDC_PF_LINUX_X86_64  conftest.c >&5
configure:8538: $? = 0
configure:8553: gcc -shared conftest.o  -v -Wl,-soname -Wl,conftest -o conftest 2\>\&1 \| grep  -lc  \>/dev/null 2\>\&1
configure:8556: $? = 0
configure:8568: result: no
configure:8576: checking dynamic linker characteristics
configure:9178: result: GNU/Linux ld.so
configure:9187: checking how to hardcode library paths into programs
configure:9212: result: immediate
configure:9226: checking whether stripping libraries is possible
configure:9231: result: yes
configure:9358: checking for shl_load
configure:9415: gcc -o conftest -g -D__NO_CTYPE -DPDC_PF_LINUX_X86_64   conftest.c  >&5
/tmp/ccKqyV4Y.o: In function `main':
/comptes/E129986P/M1/conceptOutils/PDFlib-Lite-7.0.5p3/conftest.c:63: undefined reference to `shl_load'
/tmp/ccKqyV4Y.o:(.data+0x0): undefined reference to `shl_load'
collect2: error: ld returned 1 exit status
configure:9421: $? = 1
configure: failed program was:
| /* confdefs.h.  */
| 
| #define PACKAGE_NAME ""
| #define PACKAGE_TARNAME ""
| #define PACKAGE_VERSION ""
| #define PACKAGE_STRING ""
| #define PACKAGE_BUGREPORT ""
| #define STDC_HEADERS 1
| #define HAVE_SYS_TYPES_H 1
| #define HAVE_SYS_STAT_H 1
| #define HAVE_STDLIB_H 1
| #define HAVE_STRING_H 1
| #define HAVE_MEMORY_H 1
| #define HAVE_STRINGS_H 1
| #define HAVE_INTTYPES_H 1
| #define HAVE_STDINT_H 1
| #define HAVE_UNISTD_H 1
| #define HAVE_DLFCN_H 1
| #ifdef __cplusplus
| extern "C" void exit (int) throw ();
| #endif
| /* end confdefs.h.  */
| /* Define shl_load to an innocuous variant, in case <limits.h> declares shl_load.
|    For example, HP-UX 11i <limits.h> declares gettimeofday.  */
| #define shl_load innocuous_shl_load
| 
| /* System header to define __stub macros and hopefully few prototypes,
|     which can conflict with char shl_load (); below.
|     Prefer <limits.h> to <assert.h> if __STDC__ is defined, since
|     <limits.h> exists even on freestanding compilers.  */
| 
| #ifdef __STDC__
| # include <limits.h>
| #else
| # include <assert.h>
| #endif
| 
| #undef shl_load
| 
| /* Override any gcc2 internal prototype to avoid an error.  */
| #ifdef __cplusplus
| extern "C"
| {
| #endif
| /* We use char because int might match the return type of a gcc2
|    builtin and then its argument prototype would still apply.  */
| char shl_load ();
| /* The GNU C library defines this for functions which it implements
|     to always fail with ENOSYS.  Some functions are actually named
|     something starting with __ and the normal name is an alias.  */
| #if defined (__stub_shl_load) || defined (__stub___shl_load)
| choke me
| #else
| char (*f) () = shl_load;
| #endif
| #ifdef __cplusplus
| }
| #endif
| 
| int
| main ()
| {
| return f != shl_load;
|   ;
|   return 0;
| }
configure:9446: result: no
configure:9451: checking for shl_load in -ldld
configure:9481: gcc -o conftest -g -D__NO_CTYPE -DPDC_PF_LINUX_X86_64   conftest.c -ldld   >&5
/usr/bin/ld: cannot find -ldld
collect2: error: ld returned 1 exit status
configure:9487: $? = 1
configure: failed program was:
| /* confdefs.h.  */
| 
| #define PACKAGE_NAME ""
| #define PACKAGE_TARNAME ""
| #define PACKAGE_VERSION ""
| #define PACKAGE_STRING ""
| #define PACKAGE_BUGREPORT ""
| #define STDC_HEADERS 1
| #define HAVE_SYS_TYPES_H 1
| #define HAVE_SYS_STAT_H 1
| #define HAVE_STDLIB_H 1
| #define HAVE_STRING_H 1
| #define HAVE_MEMORY_H 1
| #define HAVE_STRINGS_H 1
| #define HAVE_INTTYPES_H 1
| #define HAVE_STDINT_H 1
| #define HAVE_UNISTD_H 1
| #define HAVE_DLFCN_H 1
| #ifdef __cplusplus
| extern "C" void exit (int) throw ();
| #endif
| /* end confdefs.h.  */
| 
| /* Override any gcc2 internal prototype to avoid an error.  */
| #ifdef __cplusplus
| extern "C"
| #endif
| /* We use char because int might match the return type of a gcc2
|    builtin and then its argument prototype would still apply.  */
| char shl_load ();
| int
| main ()
| {
| shl_load ();
|   ;
|   return 0;
| }
configure:9513: result: no
configure:9518: checking for dlopen
configure:9575: gcc -o conftest -g -D__NO_CTYPE -DPDC_PF_LINUX_X86_64   conftest.c  >&5
/tmp/ccsmTr9g.o: In function `main':
/comptes/E129986P/M1/conceptOutils/PDFlib-Lite-7.0.5p3/conftest.c:63: undefined reference to `dlopen'
/tmp/ccsmTr9g.o:(.data+0x0): undefined reference to `dlopen'
collect2: error: ld returned 1 exit status
configure:9581: $? = 1
configure: failed program was:
| /* confdefs.h.  */
| 
| #define PACKAGE_NAME ""
| #define PACKAGE_TARNAME ""
| #define PACKAGE_VERSION ""
| #define PACKAGE_STRING ""
| #define PACKAGE_BUGREPORT ""
| #define STDC_HEADERS 1
| #define HAVE_SYS_TYPES_H 1
| #define HAVE_SYS_STAT_H 1
| #define HAVE_STDLIB_H 1
| #define HAVE_STRING_H 1
| #define HAVE_MEMORY_H 1
| #define HAVE_STRINGS_H 1
| #define HAVE_INTTYPES_H 1
| #define HAVE_STDINT_H 1
| #define HAVE_UNISTD_H 1
| #define HAVE_DLFCN_H 1
| #ifdef __cplusplus
| extern "C" void exit (int) throw ();
| #endif
| /* end confdefs.h.  */
| /* Define dlopen to an innocuous variant, in case <limits.h> declares dlopen.
|    For example, HP-UX 11i <limits.h> declares gettimeofday.  */
| #define dlopen innocuous_dlopen
| 
| /* System header to define __stub macros and hopefully few prototypes,
|     which can conflict with char dlopen (); below.
|     Prefer <limits.h> to <assert.h> if __STDC__ is defined, since
|     <limits.h> exists even on freestanding compilers.  */
| 
| #ifdef __STDC__
| # include <limits.h>
| #else
| # include <assert.h>
| #endif
| 
| #undef dlopen
| 
| /* Override any gcc2 internal prototype to avoid an error.  */
| #ifdef __cplusplus
| extern "C"
| {
| #endif
| /* We use char because int might match the return type of a gcc2
|    builtin and then its argument prototype would still apply.  */
| char dlopen ();
| /* The GNU C library defines this for functions which it implements
|     to always fail with ENOSYS.  Some functions are actually named
|     something starting with __ and the normal name is an alias.  */
| #if defined (__stub_dlopen) || defined (__stub___dlopen)
| choke me
| #else
| char (*f) () = dlopen;
| #endif
| #ifdef __cplusplus
| }
| #endif
| 
| int
| main ()
| {
| return f != dlopen;
|   ;
|   return 0;
| }
configure:9606: result: no
configure:9611: checking for dlopen in -ldl
configure:9641: gcc -o conftest -g -D__NO_CTYPE -DPDC_PF_LINUX_X86_64   conftest.c -ldl   >&5
configure:9647: $? = 0
configure:9651: test -z 
			 || test ! -s conftest.err
configure:9654: $? = 0
configure:9657: test -s conftest
configure:9660: $? = 0
configure:9673: result: yes
configure:9848: checking whether a program can dlopen itself
configure:9922: gcc -o conftest -g -D__NO_CTYPE -DPDC_PF_LINUX_X86_64  -DHAVE_DLFCN_H  -Wl,--export-dynamic conftest.c -ldl  >&5
configure: In function 'main':
configure:9926:5: warning: incompatible implicit declaration of built-in function 'exit' [enabled by default]
   (exit $ac_status); } && test -s conftest${ac_exeext} 2>/dev/null; then
     ^
configure:9925: $? = 0
configure:9943: result: yes
configure:9948: checking whether a statically linked program can dlopen itself
configure:10022: gcc -o conftest -g -D__NO_CTYPE -DPDC_PF_LINUX_X86_64  -DHAVE_DLFCN_H  -Wl,--export-dynamic -static conftest.c -ldl  >&5
configure: In function 'main':
configure:10026:5: warning: incompatible implicit declaration of built-in function 'exit' [enabled by default]
   (exit $ac_status); } && test -s conftest${ac_exeext} 2>/dev/null; then
     ^
/tmp/cc7GGcMF.o: In function `main':
/comptes/E129986P/M1/conceptOutils/PDFlib-Lite-7.0.5p3/configure:10014: warning: Using 'dlopen' in statically linked applications requires at runtime the shared libraries from the glibc version used for linking
/usr/bin/ld: dynamic STT_GNU_IFUNC symbol `strcmp' with pointer equality in `/usr/lib/gcc/x86_64-linux-gnu/4.8/../../../x86_64-linux-gnu/libc.a(strcmp.o)' can not be used when making an executable; recompile with -fPIE and relink with -pie
collect2: error: ld returned 1 exit status
configure:10025: $? = 1
configure:10043: result: no
configure:10066: checking if libtool supports shared libraries
configure:10068: result: yes
configure:10071: checking whether to build shared libraries
configure:10092: result: yes
configure:10095: checking whether to build static libraries
configure:10099: result: yes
configure:10192: creating libtool
configure:10780: checking for ld used by g++
configure:10847: result: /usr/bin/ld -m elf_x86_64
configure:10856: checking if the linker (/usr/bin/ld -m elf_x86_64) is GNU ld
configure:10871: result: yes
configure:10922: checking whether the g++ linker (/usr/bin/ld -m elf_x86_64) supports shared libraries
configure:11900: result: yes
configure:11922: g++ -c -g -O2  conftest.cpp >&5
configure:11925: $? = 0
configure:12077: checking for g++ option to produce PIC
configure:12361: result: -fPIC
configure:12369: checking if g++ PIC flag -fPIC works
configure:12395: g++ -c -g -O2  -fPIC -DPIC conftest.cpp >&5
configure:12399: $? = 0
configure:12404: result: yes
configure:12432: checking if g++ static flag -static works
configure:12460: result: yes
configure:12470: checking if g++ supports -c -o file.o
configure:12499: g++ -c -g -O2  -o out/conftest2.o conftest.cpp >&5
configure:12503: $? = 0
configure:12517: result: yes
configure:12543: checking whether the g++ linker (/usr/bin/ld -m elf_x86_64) supports shared libraries
configure:12568: result: yes
configure:12635: checking dynamic linker characteristics
configure:13185: result: GNU/Linux ld.so
configure:13194: checking how to hardcode library paths into programs
configure:13219: result: immediate
configure:13753: checking if libtool supports shared libraries
configure:13755: result: yes
configure:13758: checking whether to build shared libraries
configure:13778: result: yes
configure:13781: checking whether to build static libraries
configure:13785: result: yes
configure:13795: checking for f95 option to produce PIC
configure:14027: result: -fPIC
configure:14035: checking if f95 PIC flag -fPIC works
configure:14061: f95 -c -g -O2 -fPIC conftest.f >&5
configure:14065: $? = 0
configure:14070: result: yes
configure:14098: checking if f95 static flag -static works
configure:14126: result: yes
configure:14136: checking if f95 supports -c -o file.o
configure:14165: f95 -c -g -O2 -o out/conftest2.o conftest.f >&5
configure:14169: $? = 0
configure:14183: result: yes
configure:14209: checking whether the f95 linker (/usr/bin/ld -m elf_x86_64) supports shared libraries
configure:15173: result: yes
configure:15240: checking dynamic linker characteristics
configure:15790: result: GNU/Linux ld.so
configure:15799: checking how to hardcode library paths into programs
configure:15824: result: immediate
configure:19438: checking for Java header files
configure:19450: gcc -E  conftest.c
conftest.c:23:17: fatal error: jni.h: No such file or directory
 #include <jni.h>
                 ^
compilation terminated.
configure:19456: $? = 1
configure: failed program was:
| /* confdefs.h.  */
| 
| #define PACKAGE_NAME ""
| #define PACKAGE_TARNAME ""
| #define PACKAGE_VERSION ""
| #define PACKAGE_STRING ""
| #define PACKAGE_BUGREPORT ""
| #define STDC_HEADERS 1
| #define HAVE_SYS_TYPES_H 1
| #define HAVE_SYS_STAT_H 1
| #define HAVE_STDLIB_H 1
| #define HAVE_STRING_H 1
| #define HAVE_MEMORY_H 1
| #define HAVE_STRINGS_H 1
| #define HAVE_INTTYPES_H 1
| #define HAVE_STDINT_H 1
| #define HAVE_UNISTD_H 1
| #define HAVE_DLFCN_H 1
| #ifdef __cplusplus
| extern "C" void exit (int) throw ();
| #endif
| /* end confdefs.h.  */
| #include <jni.h>
configure:19552: result: not found
configure:19600: checking for perl
configure:19616: found /usr/bin/perl
configure:19626: result: perl
configure:19640: checking for Perl header file
configure:19652: result: /usr/lib/perl/5.18/CORE/perl.h
configure:19675: result: unable to determine perl shared library directory
configure:19750: checking for Python header files
configure:19809: result: not found
configure:19820: checking for python
configure:19836: found /usr/bin/python
configure:19846: result: python
configure:19929: checking for ruby
configure:19945: found /usr/bin/ruby
configure:19955: result: ruby
configure:19974: checking for Ruby header files
configure:20010: result: not found
configure:20066: checking for Tcl header files
configure:20078: gcc -E  conftest.c
conftest.c:23:17: fatal error: tcl.h: No such file or directory
 #include <tcl.h>
                 ^
compilation terminated.
configure:20084: $? = 1
configure: failed program was:
| /* confdefs.h.  */
| 
| #define PACKAGE_NAME ""
| #define PACKAGE_TARNAME ""
| #define PACKAGE_VERSION ""
| #define PACKAGE_STRING ""
| #define PACKAGE_BUGREPORT ""
| #define STDC_HEADERS 1
| #define HAVE_SYS_TYPES_H 1
| #define HAVE_SYS_STAT_H 1
| #define HAVE_STDLIB_H 1
| #define HAVE_STRING_H 1
| #define HAVE_MEMORY_H 1
| #define HAVE_STRINGS_H 1
| #define HAVE_INTTYPES_H 1
| #define HAVE_STDINT_H 1
| #define HAVE_UNISTD_H 1
| #define HAVE_DLFCN_H 1
| #ifdef __cplusplus
| extern "C" void exit (int) throw ();
| #endif
| /* end confdefs.h.  */
| #include <tcl.h>
configure:20129: result: not found
configure:20245: checking whether byte ordering is bigendian
configure:20272: gcc -c -g -D__NO_CTYPE -DPDC_PF_LINUX_X86_64  conftest.c >&5
configure:20278: $? = 0
configure:20282: test -z 
			 || test ! -s conftest.err
configure:20285: $? = 0
configure:20288: test -s conftest.o
configure:20291: $? = 0
configure:20315: gcc -c -g -D__NO_CTYPE -DPDC_PF_LINUX_X86_64  conftest.c >&5
conftest.c: In function 'main':
conftest.c:30:2: error: unknown type name 'not'
  not big endian
  ^
conftest.c:30:10: error: expected '=', ',', ';', 'asm' or '__attribute__' before 'endian'
  not big endian
          ^
configure:20321: $? = 1
configure: failed program was:
| /* confdefs.h.  */
| 
| #define PACKAGE_NAME ""
| #define PACKAGE_TARNAME ""
| #define PACKAGE_VERSION ""
| #define PACKAGE_STRING ""
| #define PACKAGE_BUGREPORT ""
| #define STDC_HEADERS 1
| #define HAVE_SYS_TYPES_H 1
| #define HAVE_SYS_STAT_H 1
| #define HAVE_STDLIB_H 1
| #define HAVE_STRING_H 1
| #define HAVE_MEMORY_H 1
| #define HAVE_STRINGS_H 1
| #define HAVE_INTTYPES_H 1
| #define HAVE_STDINT_H 1
| #define HAVE_UNISTD_H 1
| #define HAVE_DLFCN_H 1
| #ifdef __cplusplus
| extern "C" void exit (int) throw ();
| #endif
| /* end confdefs.h.  */
| #include <sys/types.h>
| #include <sys/param.h>
| 
| int
| main ()
| {
| #if BYTE_ORDER != BIG_ENDIAN
|  not big endian
| #endif
| 
|   ;
|   return 0;
| }
configure:20456: result: no
configure:20617: checking for PDF import library PDI
configure:20633: result: not found
configure:20649: checking for PDFlib PLOP (PDF Linearization, Optimization, Privacy)
configure:20677: result: not found
configure:20693: checking for PDFlib base library pdflib
configure:20709: result: found
configure:20735: checking for pCOS
configure:20760: result: not found
configure:20776: checking for PDFlib TET
configure:20801: result: not found
configure:20814: checking for PDFlib PDPAGE
configure:20829: result: not found
configure:20843: checking for PDFlib lib CL
configure:20865: result: not found
configure:21010: checking for C++ compiler version
configure:21013: g++ --version </dev/null >&5
g++ (Ubuntu 4.8.4-2ubuntu1~14.04) 4.8.4
Copyright (C) 2013 Free Software Foundation, Inc.
This is free software; see the source for copying conditions.  There is NO
warranty; not even for MERCHANTABILITY or FITNESS FOR A PARTICULAR PURPOSE.

configure:21016: $? = 0
configure:21018: g++ -v </dev/null >&5
Using built-in specs.
COLLECT_GCC=g++
COLLECT_LTO_WRAPPER=/usr/lib/gcc/x86_64-linux-gnu/4.8/lto-wrapper
Target: x86_64-linux-gnu
Configured with: ../src/configure -v --with-pkgversion='Ubuntu 4.8.4-2ubuntu1~14.04' --with-bugurl=file:///usr/share/doc/gcc-4.8/README.Bugs --enable-languages=c,c++,java,go,d,fortran,objc,obj-c++ --prefix=/usr --program-suffix=-4.8 --enable-shared --enable-linker-build-id --libexecdir=/usr/lib --without-included-gettext --enable-threads=posix --with-gxx-include-dir=/usr/include/c++/4.8 --libdir=/usr/lib --enable-nls --with-sysroot=/ --enable-clocale=gnu --enable-libstdcxx-debug --enable-libstdcxx-time=yes --enable-gnu-unique-object --disable-libmudflap --enable-plugin --with-system-zlib --disable-browser-plugin --enable-java-awt=gtk --enable-gtk-cairo --with-java-home=/usr/lib/jvm/java-1.5.0-gcj-4.8-amd64/jre --enable-java-home --with-jvm-root-dir=/usr/lib/jvm/java-1.5.0-gcj-4.8-amd64 --with-jvm-jar-dir=/usr/lib/jvm-exports/java-1.5.0-gcj-4.8-amd64 --with-arch-directory=amd64 --with-ecj-jar=/usr/share/java/eclipse-ecj.jar --enable-objc-gc --enable-multiarch --disable-werror --with-arch-32=i686 --with-abi=m64 --with-multilib-list=m32,m64,mx32 --with-tune=generic --enable-checking=release --build=x86_64-linux-gnu --host=x86_64-linux-gnu --target=x86_64-linux-gnu
Thread model: posix
gcc version 4.8.4 (Ubuntu 4.8.4-2ubuntu1~14.04) 
configure:21021: $? = 0
configure:21023: g++ -V </dev/null >&5
g++: error: unrecognized command line option '-V'
g++: fatal error: no input files
compilation terminated.
configure:21026: $? = 4
configure:21029: checking whether we are using the GNU C++ compiler
configure:21085: result: yes
configure:21091: checking whether g++ accepts -g
configure:21142: result: yes
configure:21184: g++ -c -g -O2  conftest.cc >&5
configure:21190: $? = 0
configure:21194: test -z 
			 || test ! -s conftest.err
configure:21197: $? = 0
configure:21200: test -s conftest.o
configure:21203: $? = 0
configure:21229: g++ -c -g -O2  conftest.cc >&5
configure:21235: $? = 0
configure:21239: test -z 
			 || test ! -s conftest.err
configure:21242: $? = 0
configure:21245: test -s conftest.o
configure:21248: $? = 0
configure:21271: checking whether the previously found C++ compiler works
configure:21289: g++ -c -g -O2  conftest.cc >&5
configure:21295: $? = 0
configure:21299: test -z 
			 || test ! -s conftest.err
configure:21302: $? = 0
configure:21305: test -s conftest.o
configure:21308: $? = 0
configure:21338: result: yes
configure:21610: creating ./config.status

## ---------------------- ##
## Running config.status. ##
## ---------------------- ##

This file was extended by config.status, which was
generated by GNU Autoconf 2.59.  Invocation command line was

  CONFIG_FILES    = 
  CONFIG_HEADERS  = 
  CONFIG_LINKS    = 
  CONFIG_COMMANDS = 
  $ ./config.status 

on I121V7pc05

config.status:777: creating pdflib-config
config.status:777: creating config/mkbind.inc
config.status:777: creating config/mkcommon.inc
config.status:777: creating config/mklibs.inc
config.status:777: creating config/mkmainlib.inc
config.status:777: creating config/mkprogs.inc
config.status:777: creating config/mkpsubdirs.inc
config.status:777: creating config/mksubdirs.inc
config.status:960: executing default commands
configure:22708: result: _____________________________________________________________
configure:22710: result: For your convenience, here's a summary of configure's results:
configure:22712: result: 
configure:22714: result: Support for shared libraries:           yes
configure:22716: result: C++ language binding for PDFlib:        yes
configure:22718: result: Java language binding for PDFlib:       no
configure:22720: result: Perl language binding for PDFlib:       yes
configure:22722: result: Python language binding for PDFlib:     no
configure:22724: result: Ruby language binding for PDFlib:       no
configure:22726: result: Tcl language binding for PDFlib:        no
configure:22728: result: PDF import library (PDI):               no
configure:22730: result: Large file support:                     yes
configure:22738: result:      Note: if you purchase the additional PDF import library (PDI)
configure:22740: result:      you can also manipulate existing PDF documents with PDFlib.
configure:22742: result:      The additional block feature can be used to personalize PDF.
configure:22744: result:      See http://www.pdflib.com for details.
configure:22749: result: 
configure:22751: result: Please observe the licensing terms for commercial PDFlib usage.
configure:22753: result: PDFlib license agreement and purchase order can be found in the doc directory.
configure:22755: result: 

## ---------------- ##
## Cache variables. ##
## ---------------- ##

ac_cv_build=x86_64-unknown-linux-gnu
ac_cv_build_alias=x86_64-unknown-linux-gnu
ac_cv_c_bigendian=no
ac_cv_c_compiler_gnu=yes
ac_cv_cxx_compiler_gnu=yes
ac_cv_env_CC_set=
ac_cv_env_CC_value=
ac_cv_env_CFLAGS_set=
ac_cv_env_CFLAGS_value=
ac_cv_env_CPPFLAGS_set=
ac_cv_env_CPPFLAGS_value=
ac_cv_env_CPP_set=
ac_cv_env_CPP_value=
ac_cv_env_CXXCPP_set=
ac_cv_env_CXXCPP_value=
ac_cv_env_CXXFLAGS_set=
ac_cv_env_CXXFLAGS_value=
ac_cv_env_CXX_set=
ac_cv_env_CXX_value=
ac_cv_env_F77_set=
ac_cv_env_F77_value=
ac_cv_env_FFLAGS_set=
ac_cv_env_FFLAGS_value=
ac_cv_env_LDFLAGS_set=
ac_cv_env_LDFLAGS_value=
ac_cv_env_build_alias_set=
ac_cv_env_build_alias_value=
ac_cv_env_host_alias_set=
ac_cv_env_host_alias_value=
ac_cv_env_target_alias_set=
ac_cv_env_target_alias_value=
ac_cv_exeext=
ac_cv_f77_compiler_gnu=yes
ac_cv_func_dlopen=no
ac_cv_func_shl_load=no
ac_cv_header_dlfcn_h=yes
ac_cv_header_inttypes_h=yes
ac_cv_header_memory_h=yes
ac_cv_header_stdc=yes
ac_cv_header_stdint_h=yes
ac_cv_header_stdlib_h=yes
ac_cv_header_string_h=yes
ac_cv_header_strings_h=yes
ac_cv_header_sys_stat_h=yes
ac_cv_header_sys_types_h=yes
ac_cv_header_unistd_h=yes
ac_cv_host=x86_64-unknown-linux-gnu
ac_cv_host_alias=x86_64-unknown-linux-gnu
ac_cv_lib_dl_dlopen=yes
ac_cv_lib_dld_shl_load=no
ac_cv_objext=o
ac_cv_path_install='/usr/bin/install -c'
ac_cv_prog_CPP='gcc -E'
ac_cv_prog_CXXCPP='g++ -E'
ac_cv_prog_PERL=perl
ac_cv_prog_PYTHONBIN=python
ac_cv_prog_RUBY=ruby
ac_cv_prog_ac_ct_AR=ar
ac_cv_prog_ac_ct_CC=gcc
ac_cv_prog_ac_ct_CXX=g++
ac_cv_prog_ac_ct_F77=f95
ac_cv_prog_ac_ct_RANLIB=ranlib
ac_cv_prog_ac_ct_STRIP=strip
ac_cv_prog_cc_g=yes
ac_cv_prog_cc_stdc=
ac_cv_prog_cxx_g=yes
ac_cv_prog_egrep='grep -E'
ac_cv_prog_f77_g=yes
lt_cv_deplibs_check_method=pass_all
lt_cv_dlopen=dlopen
lt_cv_dlopen_libs=-ldl
lt_cv_dlopen_self=yes
lt_cv_dlopen_self_static=no
lt_cv_file_magic_cmd='$MAGIC_CMD'
lt_cv_file_magic_test_file=
lt_cv_ld_reload_flag=-r
lt_cv_objdir=.libs
lt_cv_path_LD=/usr/bin/ld
lt_cv_path_LDCXX='/usr/bin/ld -m elf_x86_64'
lt_cv_path_NM='/usr/bin/nm -B'
lt_cv_path_SED=/bin/sed
lt_cv_prog_compiler_c_o=yes
lt_cv_prog_compiler_c_o_CXX=yes
lt_cv_prog_compiler_c_o_F77=yes
lt_cv_prog_compiler_rtti_exceptions=no
lt_cv_prog_gnu_ld=yes
lt_cv_prog_gnu_ldcxx=yes
lt_cv_sys_global_symbol_pipe='sed -n -e '\''s/^.*[ 	]\([ABCDGIRSTW][ABCDGIRSTW]*\)[ 	][ 	]*\([_A-Za-z][_A-Za-z0-9]*\)$/\1 \2 \2/p'\'''
lt_cv_sys_global_symbol_to_c_name_address='sed -n -e '\''s/^: \([^ ]*\) $/  {\"\1\", (lt_ptr) 0},/p'\'' -e '\''s/^[BCDEGRST] \([^ ]*\) \([^ ]*\)$/  {"\2", (lt_ptr) \&\2},/p'\'''
lt_cv_sys_global_symbol_to_cdecl='sed -n -e '\''s/^. .* \(.*\)$/extern int \1;/p'\'''
lt_cv_sys_max_cmd_len=1572864
lt_lt_cv_prog_compiler_c_o='"yes"'
lt_lt_cv_prog_compiler_c_o_CXX='"yes"'
lt_lt_cv_prog_compiler_c_o_F77='"yes"'
lt_lt_cv_sys_global_symbol_pipe='"sed -n -e '\''s/^.*[ 	]\\([ABCDGIRSTW][ABCDGIRSTW]*\\)[ 	][ 	]*\\([_A-Za-z][_A-Za-z0-9]*\\)\$/\\1 \\2 \\2/p'\''"'
lt_lt_cv_sys_global_symbol_to_c_name_address='"sed -n -e '\''s/^: \\([^ ]*\\) \$/  {\\\"\\1\\\", (lt_ptr) 0},/p'\'' -e '\''s/^[BCDEGRST] \\([^ ]*\\) \\([^ ]*\\)\$/  {\"\\2\", (lt_ptr) \\&\\2},/p'\''"'
lt_lt_cv_sys_global_symbol_to_cdecl='"sed -n -e '\''s/^. .* \\(.*\\)\$/extern int \\1;/p'\''"'

## ----------------- ##
## Output variables. ##
## ----------------- ##

AR='ar'
AS='as'
ATSLIBINC=''
ATSLIBLINK=''
BINDINGS='c cpp'
BINDTARGETS=' pdflib'
CC='gcc'
CFLAGS='-g -D__NO_CTYPE -DPDC_PF_LINUX_X86_64 -D_LARGEFILE_SOURCE -D_FILE_OFFSET_BITS=64 -DPDF_PLATFORM=\""Linux-x86_64"\"'
CLLIBINC=''
CLLIBLINK=''
CPP='gcc -E'
CPPFLAGS=''
CXX='g++'
CXXCPP='g++ -E'
CXXFLAGS='-g -O2'
DEFS='-DPACKAGE_NAME=\"\" -DPACKAGE_TARNAME=\"\" -DPACKAGE_VERSION=\"\" -DPACKAGE_STRING=\"\" -DPACKAGE_BUGREPORT=\"\" -DSTDC_HEADERS=1 -DHAVE_SYS_TYPES_H=1 -DHAVE_SYS_STAT_H=1 -DHAVE_STDLIB_H=1 -DHAVE_STRING_H=1 -DHAVE_MEMORY_H=1 -DHAVE_STRINGS_H=1 -DHAVE_INTTYPES_H=1 -DHAVE_STDINT_H=1 -DHAVE_UNISTD_H=1 -DHAVE_DLFCN_H=1 '
DLLTOOL='dlltool'
ECHO='echo'
ECHO_C=''
ECHO_N='-n'
ECHO_T=''
EGREP='grep -E'
EXEEXT=''
EXPATLIBINC=''
EXPATLIBLINK=''
EXTERNALLIBS=' -lm'
F77='f95'
FFLAGS='-g -O2'
FLATELIBINC='-I$(top_builddir)/libs/flate'
FLATELIBLINK='$(top_builddir)/libs/flate/libz$(LA)'
FLATE_ASM_OBJ=''
FONTLIBINC='-I$(top_builddir)/libs/font'
FONTLIBLINK='$(top_builddir)/libs/font/libfont$(LA)'
ICULIBINC=''
ICULIBLINK=''
ICUTLELIBINC=''
ICUTLELIBLINK=''
INSTALL_DATA='${INSTALL} -m 644'
INSTALL_PROGRAM='${INSTALL}'
INSTALL_SCRIPT='${INSTALL}'
INTERNDIR=''
JAVAINCLUDE=''
JAVA_COMPATIBILITY='-source 1.4'
JPEGLIBINC='-I$(top_builddir)/libs/jpeg'
JPEGLIBLINK='$(top_builddir)/libs/jpeg/libjpeg$(LA)'
LDFLAGS=''
LIBOBJS=''
LIBS=''
LIBTARGETS=' pdcore font flate png tiff jpeg pdflib'
LIBTOOL='$(SHELL) $(top_builddir)/libtool'
LN_S='ln -s'
LTLIBOBJS=''
MAC_CFLAGS=''
MAC_LDFLAGS=''
NO_O=''
OBJDUMP='objdump'
OBJEXT='o'
OPENSSLLIBINC=''
OPENSSLLIBLINK=''
PACKAGE_BUGREPORT=''
PACKAGE_NAME=''
PACKAGE_STRING=''
PACKAGE_TARNAME=''
PACKAGE_VERSION=''
PATH_SEPARATOR=':'
PCOSBINDINGS='c cpp'
PCOSLIBINC=''
PCOSLIBLINK=''
PCOSLIB_LINK=''
PCOS_LTVERSION='1:0:0'
PDCORELIBINC='-I$(top_builddir)/libs/pdcore'
PDCORELIBLINK='$(top_builddir)/libs/pdcore/libpdcore$(LA)'
PDFCPEDANTIC=''
PDFLIBCONVENIENT='$(top_builddir)/libs/pdflib/libpdf_$(LA) $(top_builddir)/libs/pdflib/$(OO)/pdflib$(LO) $(top_builddir)/libs/pdcore/libpdcore$(LA) $(top_builddir)/libs/png/libpng$(LA) $(top_builddir)/libs/flate/libz$(LA) $(top_builddir)/libs/tiff/libtiff$(LA)  $(top_builddir)/libs/jpeg/libjpeg$(LA)  $(top_builddir)/libs/font/libfont$(LA)  '
PDFLIBINC='-I$(top_builddir)/libs/pdflib'
PDFLIBLINK='$(top_builddir)/libs/pdflib/libs_libpdf$(LA)'
PDFLIBNAME='pdf'
PDFLIB_LINK='$(top_builddir)/libs/pdflib/libpdf_$(LA)'
PDFLIB_LTAGE='0'
PDFLIB_LTCURRENT='6'
PDFLIB_LTREVISION='5'
PDFLIB_LTVERSION='6:5:0'
PDFLIB_MAJOR='7'
PDFLIB_MINOR='0'
PDFLIB_REVISION='5'
PDFOPTIMIZE='-O2'
PDFPEDANTIC=''
PDFWALL='-Wall'
PDILIBINC=''
PDILIBLINK=''
PDIMAKEOBJS=''
PDPAGELIBINC=''
PDPAGELIBLINK=''
PERL='perl'
PERLBOOLDEF='-Dbool=char -DHAS_BOOL'
PERLINCLUDE='-I/usr/lib/perl/5.18/CORE'
PERLLIBDIR='/usr/local/lib/perl/5.18.2'
PERLLINK=''
PLATFORM_ID='Linux-x86_64'
PLOPBINDINGS='c'
PLOPLIBINC=''
PLOPLIBLINK=''
PLOPLIB_LINK=''
PLOP_LTVERSION='1:0:0'
PNGLIBINC='-I$(top_builddir)/libs/png'
PNGLIBLINK='$(top_builddir)/libs/png/libpng$(LA)'
PROGSDIR='progs'
PROGTARGETS=' pdflib'
PTFDIR=''
PYINCLUDE='nope'
PYTHONBIN='python'
PYTHONLIBDIR=''
RANLIB='ranlib'
RM='rm -rf'
RPATH='-rpath $(libdir) -version-info $(LTVERSIONINFO)'
RUBY='ruby'
RUBYINCLUDE='nope'
RUBYLIBDIR=''
SED='/bin/sed'
SHELL='/bin/sh'
STDCPP='-lstdc++'
STRIP='strip'
TCL=''
TCLBIN='nope'
TCLINCLUDE='-Inope'
TCLPACKAGEDIR='nope'
TETBINDINGS='c cpp'
TETLIBINC=''
TETLIBLINK=''
TETLIB_LINK=''
TET_LTVERSION='2:0:1'
TIFFLIBINC='-I$(top_builddir)/libs/tiff'
TIFFLIBLINK='$(top_builddir)/libs/tiff/libtiff$(LA)'
TIFFWRITE=''
UTILLIBINC=''
UTILLIBLINK=''
VERSION='7.0.5'
WITH_PDI='no'
WITH_SHARED='yes'
ac_ct_AR='ar'
ac_ct_AS=''
ac_ct_CC='gcc'
ac_ct_CXX='g++'
ac_ct_DLLTOOL=''
ac_ct_F77='f95'
ac_ct_OBJDUMP=''
ac_ct_RANLIB='ranlib'
ac_ct_STRIP='strip'
bindir='${exec_prefix}/bin'
build='x86_64-unknown-linux-gnu'
build_alias=''
build_cpu='x86_64'
build_os='linux-gnu'
build_vendor='unknown'
datadir='${prefix}/share'
exec_prefix='${prefix}'
host='x86_64-unknown-linux-gnu'
host_alias=''
host_cpu='x86_64'
host_os='linux-gnu'
host_vendor='unknown'
includedir='${prefix}/include'
infodir='${prefix}/info'
libdir='${exec_prefix}/lib'
libexecdir='${exec_prefix}/libexec'
localstatedir='${prefix}/var'
mandir='${prefix}/man'
oldincludedir='/usr/include'
prefix='/usr/local'
program_transform_name='s,x,x,'
sbindir='${exec_prefix}/sbin'
sharedstatedir='${prefix}/com'
sysconfdir='${prefix}/etc'
target_alias=''

## ----------- ##
## confdefs.h. ##
## ----------- ##

#define HAVE_DLFCN_H 1
#define HAVE_INTTYPES_H 1
#define HAVE_MEMORY_H 1
#define HAVE_STDINT_H 1
#define HAVE_STDLIB_H 1
#define HAVE_STRINGS_H 1
#define HAVE_STRING_H 1
#define HAVE_SYS_STAT_H 1
#define HAVE_SYS_TYPES_H 1
#define HAVE_UNISTD_H 1
#define PACKAGE_BUGREPORT ""
#define PACKAGE_NAME ""
#define PACKAGE_STRING ""
#define PACKAGE_TARNAME ""
#define PACKAGE_VERSION ""
#define STDC_HEADERS 1
#endif
#ifdef __cplusplus
extern "C" void exit (int) throw ();

configure: exit 0
